<?xml version="1.0" encoding="UTF-8"?>
<testng-results skipped="0" failed="0" ignored="0" total="1" passed="1">
  <reporter-output>
  </reporter-output>
  <suite name="Default suite" duration-ms="1120" started-at="2018-04-19T19:47:43Z" finished-at="2018-04-19T19:47:44Z">
    <groups>
    </groups>
    <test name="Default test" duration-ms="1120" started-at="2018-04-19T19:47:43Z" finished-at="2018-04-19T19:47:44Z">
      <class name="com.org.apiTesting.apiTesting.wheatherRequestsTest">
        <test-method status="PASS" signature="Test_01()[pri:0, instance:com.org.apiTesting.apiTesting.wheatherRequestsTest@2f686d1f]" name="Test_01" duration-ms="1100" started-at="2018-04-19T19:47:43Z" finished-at="2018-04-19T19:47:44Z">
          <reporter-output>
          </reporter-output>
        </test-method> <!-- Test_01 -->
      </class> <!-- com.org.apiTesting.apiTesting.wheatherRequestsTest -->
    </test> <!-- Default test -->
  </suite> <!-- Default suite -->
</testng-results>
